# JRE version: Java(TM) SE Runtime Environment (8.0_202-b08) (build 1.8.0_202-b08)
# Java VM: Java HotSpot(TM) 64-Bit Server VM (25.202-b08 mixed mode bsd-amd64 compressed oops)
Heap:
 PSYoungGen      total 76288K, used 8399K [0x000000076ab00000, 0x0000000770000000, 0x00000007c0000000)
  eden space 65536K, 12% used [0x000000076ab00000,0x000000076b313c00,0x000000076eb00000)
  from space 10752K, 1% used [0x000000076eb00000,0x000000076eb20000,0x000000076f580000)
  to   space 10752K, 0% used [0x000000076f580000,0x000000076f580000,0x0000000770000000)
 ParOldGen       total 273408K, used 199616K [0x00000006c0000000, 0x00000006d0b00000, 0x000000076ab00000)
  object space 273408K, 73% used [0x00000006c0000000,0x00000006cc2f0008,0x00000006d0b00000)
 Metaspace       used 20820K, capacity 21844K, committed 22140K, reserved 1069056K
  class space    used 2917K, capacity 3159K, committed 3200K, reserved 1048576K
GC Heap History (8 events):
Event: 14.662 GC heap before
{Heap before GC invocations=1 (full 0):
 PSYoungGen      total 76288K, used 54322K [0x000000076ab00000, 0x0000000770000000, 0x00000007c0000000)
  eden space 65536K, 82% used [0x000000076ab00000,0x000000076e00cb60,0x000000076eb00000)
  from space 10752K, 0% used [0x000000076f580000,0x000000076f580000,0x0000000770000000)
  to   space 10752K, 0% used [0x000000076eb00000,0x000000076eb00000,0x000000076f580000)
 ParOldGen       total 241664K, used 220500K [0x00000006c0000000, 0x00000006cec00000, 0x000000076ab00000)
  object space 241664K, 91% used [0x00000006c0000000,0x00000006cd755060,0x00000006cec00000)
 Metaspace       used 20243K, capacity 21268K, committed 21552K, reserved 1067008K
  class space    used 2914K, capacity 3159K, committed 3200K, reserved 1048576K
Event: 14.673 GC heap after
Heap after GC invocations=1 (full 0):
 PSYoungGen      total 76288K, used 10729K [0x000000076ab00000, 0x0000000770000000, 0x00000007c0000000)
  eden space 65536K, 0% used [0x000000076ab00000,0x000000076ab00000,0x000000076eb00000)
  from space 10752K, 99% used [0x000000076eb00000,0x000000076f57a4d0,0x000000076f580000)
  to   space 10752K, 0% used [0x000000076f580000,0x000000076f580000,0x0000000770000000)
 ParOldGen       total 241664K, used 222188K [0x00000006c0000000, 0x00000006cec00000, 0x000000076ab00000)
  object space 241664K, 91% used [0x00000006c0000000,0x00000006cd8fb200,0x00000006cec00000)
 Metaspace       used 20243K, capacity 21268K, committed 21552K, reserved 1067008K
  class space    used 2914K, capacity 3159K, committed 3200K, reserved 1048576K
}
Event: 17.610 GC heap before
{Heap before GC invocations=2 (full 0):
 PSYoungGen      total 76288K, used 15453K [0x000000076ab00000, 0x0000000770000000, 0x00000007c0000000)
  eden space 65536K, 7% used [0x000000076ab00000,0x000000076af9d160,0x000000076eb00000)
  from space 10752K, 99% used [0x000000076eb00000,0x000000076f57a4d0,0x000000076f580000)
  to   space 10752K, 0% used [0x000000076f580000,0x000000076f580000,0x0000000770000000)
 ParOldGen       total 241664K, used 222188K [0x00000006c0000000, 0x00000006cec00000, 0x000000076ab00000)
  object space 241664K, 91% used [0x00000006c0000000,0x00000006cd8fb200,0x00000006cec00000)
 Metaspace       used 20529K, capacity 21524K, committed 21628K, reserved 1067008K
  class space    used 2914K, capacity 3159K, committed 3200K, reserved 1048576K
Event: 17.620 GC heap after
Heap after GC invocations=2 (full 0):
 PSYoungGen      total 76288K, used 10729K [0x000000076ab00000, 0x0000000770000000, 0x00000007c0000000)
  eden space 65536K, 0% used [0x000000076ab00000,0x000000076ab00000,0x000000076eb00000)
  from space 10752K, 99% used [0x000000076f580000,0x000000076fffa4d0,0x0000000770000000)
  to   space 10752K, 0% used [0x000000076eb00000,0x000000076eb00000,0x000000076f580000)
 ParOldGen       total 241664K, used 222268K [0x00000006c0000000, 0x00000006cec00000, 0x000000076ab00000)
  object space 241664K, 91% used [0x00000006c0000000,0x00000006cd90f200,0x00000006cec00000)
 Metaspace       used 20529K, capacity 21524K, committed 21628K, reserved 1067008K
  class space    used 2914K, capacity 3159K, committed 3200K, reserved 1048576K
}
Event: 17.620 GC heap before
{Heap before GC invocations=3 (full 1):
 PSYoungGen      total 76288K, used 10729K [0x000000076ab00000, 0x0000000770000000, 0x00000007c0000000)
  eden space 65536K, 0% used [0x000000076ab00000,0x000000076ab00000,0x000000076eb00000)
  from space 10752K, 99% used [0x000000076f580000,0x000000076fffa4d0,0x0000000770000000)
  to   space 10752K, 0% used [0x000000076eb00000,0x000000076eb00000,0x000000076f580000)
 ParOldGen       total 241664K, used 222268K [0x00000006c0000000, 0x00000006cec00000, 0x000000076ab00000)
  object space 241664K, 91% used [0x00000006c0000000,0x00000006cd90f200,0x00000006cec00000)
 Metaspace       used 20529K, capacity 21524K, committed 21628K, reserved 1067008K
  class space    used 2914K, capacity 3159K, committed 3200K, reserved 1048576K
Event: 17.660 GC heap after
Heap after GC invocations=3 (full 1):
 PSYoungGen      total 76288K, used 0K [0x000000076ab00000, 0x0000000770000000, 0x00000007c0000000)
  eden space 65536K, 0% used [0x000000076ab00000,0x000000076ab00000,0x000000076eb00000)
  from space 10752K, 0% used [0x000000076f580000,0x000000076f580000,0x0000000770000000)
  to   space 10752K, 0% used [0x000000076eb00000,0x000000076eb00000,0x000000076f580000)
 ParOldGen       total 273408K, used 199608K [0x00000006c0000000, 0x00000006d0b00000, 0x000000076ab00000)
  object space 273408K, 73% used [0x00000006c0000000,0x00000006cc2ee008,0x00000006d0b00000)
 Metaspace       used 20529K, capacity 21524K, committed 21628K, reserved 1067008K
  class space    used 2914K, capacity 3159K, committed 3200K, reserved 1048576K
}
Event: 153.402 GC heap before
{Heap before GC invocations=4 (full 1):
 PSYoungGen      total 76288K, used 65536K [0x000000076ab00000, 0x0000000770000000, 0x00000007c0000000)
  eden space 65536K, 100% used [0x000000076ab00000,0x000000076eb00000,0x000000076eb00000)
  from space 10752K, 0% used [0x000000076f580000,0x000000076f580000,0x0000000770000000)
  to   space 10752K, 0% used [0x000000076eb00000,0x000000076eb00000,0x000000076f580000)
 ParOldGen       total 273408K, used 199608K [0x00000006c0000000, 0x00000006d0b00000, 0x000000076ab00000)
  object space 273408K, 73% used [0x00000006c0000000,0x00000006cc2ee008,0x00000006d0b00000)
 Metaspace       used 20733K, capacity 21780K, committed 21884K, reserved 1069056K
  class space    used 2915K, capacity 3159K, committed 3200K, reserved 1048576K
Event: 153.420 GC heap after
Heap after GC invocations=4 (full 1):
 PSYoungGen      total 76288K, used 128K [0x000000076ab00000, 0x0000000770000000, 0x00000007c0000000)
  eden space 65536K, 0% used [0x000000076ab00000,0x000000076ab00000,0x000000076eb00000)
  from space 10752K, 1% used [0x000000076eb00000,0x000000076eb20000,0x000000076f580000)
  to   space 10752K, 0% used [0x000000076f580000,0x000000076f580000,0x0000000770000000)
 ParOldGen       total 273408K, used 199616K [0x00000006c0000000, 0x00000006d0b00000, 0x000000076ab00000)
  object space 273408K, 73% used [0x00000006c0000000,0x00000006cc2f0008,0x00000006d0b00000)
 Metaspace       used 20733K, capacity 21780K, committed 21884K, reserved 1069056K
  class space    used 2915K, capacity 3159K, committed 3200K, reserved 1048576K
}

