# JRE version: Java(TM) SE Runtime Environment (8.0_202-b08) (build 1.8.0_202-b08)
# Java VM: Java HotSpot(TM) 64-Bit Server VM (25.202-b08 mixed mode bsd-amd64 compressed oops)
Heap:
 PSYoungGen      total 76288K, used 2691K [0x000000076ab00000, 0x0000000770000000, 0x00000007c0000000)
  eden space 65536K, 4% used [0x000000076ab00000,0x000000076ada0ce0,0x000000076eb00000)
  from space 10752K, 0% used [0x000000076eb00000,0x000000076eb00000,0x000000076f580000)
  to   space 10752K, 0% used [0x000000076f580000,0x000000076f580000,0x0000000770000000)
 ParOldGen       total 274944K, used 199700K [0x00000006c0000000, 0x00000006d0c80000, 0x000000076ab00000)
  object space 274944K, 72% used [0x00000006c0000000,0x00000006cc3053f0,0x00000006d0c80000)
 Metaspace       used 20226K, capacity 21196K, committed 21296K, reserved 1067008K
  class space    used 2917K, capacity 3159K, committed 3200K, reserved 1048576K
GC Heap History (4 events):
Event: 11.014 GC heap before
{Heap before GC invocations=1 (full 0):
 PSYoungGen      total 76288K, used 53463K [0x000000076ab00000, 0x0000000770000000, 0x00000007c0000000)
  eden space 65536K, 81% used [0x000000076ab00000,0x000000076df35db0,0x000000076eb00000)
  from space 10752K, 0% used [0x000000076f580000,0x000000076f580000,0x0000000770000000)
  to   space 10752K, 0% used [0x000000076eb00000,0x000000076eb00000,0x000000076f580000)
 ParOldGen       total 241664K, used 220500K [0x00000006c0000000, 0x00000006cec00000, 0x000000076ab00000)
  object space 241664K, 91% used [0x00000006c0000000,0x00000006cd755060,0x00000006cec00000)
 Metaspace       used 20223K, capacity 21196K, committed 21296K, reserved 1067008K
  class space    used 2917K, capacity 3159K, committed 3200K, reserved 1048576K
Event: 11.030 GC heap after
Heap after GC invocations=1 (full 0):
 PSYoungGen      total 76288K, used 10737K [0x000000076ab00000, 0x0000000770000000, 0x00000007c0000000)
  eden space 65536K, 0% used [0x000000076ab00000,0x000000076ab00000,0x000000076eb00000)
  from space 10752K, 99% used [0x000000076eb00000,0x000000076f57c4e0,0x000000076f580000)
  to   space 10752K, 0% used [0x000000076f580000,0x000000076f580000,0x0000000770000000)
 ParOldGen       total 241664K, used 223768K [0x00000006c0000000, 0x00000006cec00000, 0x000000076ab00000)
  object space 241664K, 92% used [0x00000006c0000000,0x00000006cda86210,0x00000006cec00000)
 Metaspace       used 20223K, capacity 21196K, committed 21296K, reserved 1067008K
  class space    used 2917K, capacity 3159K, committed 3200K, reserved 1048576K
}
Event: 11.030 GC heap before
{Heap before GC invocations=2 (full 1):
 PSYoungGen      total 76288K, used 10737K [0x000000076ab00000, 0x0000000770000000, 0x00000007c0000000)
  eden space 65536K, 0% used [0x000000076ab00000,0x000000076ab00000,0x000000076eb00000)
  from space 10752K, 99% used [0x000000076eb00000,0x000000076f57c4e0,0x000000076f580000)
  to   space 10752K, 0% used [0x000000076f580000,0x000000076f580000,0x0000000770000000)
 ParOldGen       total 241664K, used 223768K [0x00000006c0000000, 0x00000006cec00000, 0x000000076ab00000)
  object space 241664K, 92% used [0x00000006c0000000,0x00000006cda86210,0x00000006cec00000)
 Metaspace       used 20223K, capacity 21196K, committed 21296K, reserved 1067008K
  class space    used 2917K, capacity 3159K, committed 3200K, reserved 1048576K
Event: 11.071 GC heap after
Heap after GC invocations=2 (full 1):
 PSYoungGen      total 76288K, used 0K [0x000000076ab00000, 0x0000000770000000, 0x00000007c0000000)
  eden space 65536K, 0% used [0x000000076ab00000,0x000000076ab00000,0x000000076eb00000)
  from space 10752K, 0% used [0x000000076eb00000,0x000000076eb00000,0x000000076f580000)
  to   space 10752K, 0% used [0x000000076f580000,0x000000076f580000,0x0000000770000000)
 ParOldGen       total 274944K, used 199700K [0x00000006c0000000, 0x00000006d0c80000, 0x000000076ab00000)
  object space 274944K, 72% used [0x00000006c0000000,0x00000006cc3053f0,0x00000006d0c80000)
 Metaspace       used 20223K, capacity 21196K, committed 21296K, reserved 1067008K
  class space    used 2917K, capacity 3159K, committed 3200K, reserved 1048576K
}

