# JRE version: Java(TM) SE Runtime Environment (8.0_202-b08) (build 1.8.0_202-b08)
# Java VM: Java HotSpot(TM) 64-Bit Server VM (25.202-b08 mixed mode bsd-amd64 compressed oops)
Heap:
 PSYoungGen      total 76288K, used 57360K [0x000000076ab00000, 0x0000000774000000, 0x00000007c0000000)
  eden space 65536K, 87% used [0x000000076ab00000,0x000000076e3042e8,0x000000076eb00000)
  from space 10752K, 0% used [0x000000076eb00000,0x000000076eb00000,0x000000076f580000)
  to   space 10752K, 0% used [0x0000000773580000,0x0000000773580000,0x0000000774000000)
 ParOldGen       total 291328K, used 158824K [0x00000006c0000000, 0x00000006d1c80000, 0x000000076ab00000)
  object space 291328K, 54% used [0x00000006c0000000,0x00000006c9b1a268,0x00000006d1c80000)
 Metaspace       used 16522K, capacity 17380K, committed 17664K, reserved 1064960K
  class space    used 2256K, capacity 2471K, committed 2560K, reserved 1048576K
GC Heap History (4 events):
Event: 2.794 GC heap before
{Heap before GC invocations=1 (full 0):
 PSYoungGen      total 76288K, used 65536K [0x000000076ab00000, 0x0000000770000000, 0x00000007c0000000)
  eden space 65536K, 100% used [0x000000076ab00000,0x000000076eb00000,0x000000076eb00000)
  from space 10752K, 0% used [0x000000076f580000,0x000000076f580000,0x0000000770000000)
  to   space 10752K, 0% used [0x000000076eb00000,0x000000076eb00000,0x000000076f580000)
 ParOldGen       total 175104K, used 154350K [0x00000006c0000000, 0x00000006cab00000, 0x000000076ab00000)
  object space 175104K, 88% used [0x00000006c0000000,0x00000006c96bb840,0x00000006cab00000)
 Metaspace       used 13640K, capacity 14402K, committed 14592K, reserved 1060864K
  class space    used 1998K, capacity 2204K, committed 2304K, reserved 1048576K
Event: 2.824 GC heap after
Heap after GC invocations=1 (full 0):
 PSYoungGen      total 76288K, used 4610K [0x000000076ab00000, 0x0000000774000000, 0x00000007c0000000)
  eden space 65536K, 0% used [0x000000076ab00000,0x000000076ab00000,0x000000076eb00000)
  from space 10752K, 42% used [0x000000076eb00000,0x000000076ef80b50,0x000000076f580000)
  to   space 10752K, 0% used [0x0000000773580000,0x0000000773580000,0x0000000774000000)
 ParOldGen       total 208384K, used 187441K [0x00000006c0000000, 0x00000006ccb80000, 0x000000076ab00000)
  object space 208384K, 89% used [0x00000006c0000000,0x00000006cb70c450,0x00000006ccb80000)
 Metaspace       used 13640K, capacity 14402K, committed 14592K, reserved 1060864K
  class space    used 1998K, capacity 2204K, committed 2304K, reserved 1048576K
}
Event: 2.824 GC heap before
{Heap before GC invocations=2 (full 1):
 PSYoungGen      total 76288K, used 4610K [0x000000076ab00000, 0x0000000774000000, 0x00000007c0000000)
  eden space 65536K, 0% used [0x000000076ab00000,0x000000076ab00000,0x000000076eb00000)
  from space 10752K, 42% used [0x000000076eb00000,0x000000076ef80b50,0x000000076f580000)
  to   space 10752K, 0% used [0x0000000773580000,0x0000000773580000,0x0000000774000000)
 ParOldGen       total 208384K, used 187441K [0x00000006c0000000, 0x00000006ccb80000, 0x000000076ab00000)
  object space 208384K, 89% used [0x00000006c0000000,0x00000006cb70c450,0x00000006ccb80000)
 Metaspace       used 13640K, capacity 14402K, committed 14592K, reserved 1060864K
  class space    used 1998K, capacity 2204K, committed 2304K, reserved 1048576K
Event: 2.845 GC heap after
Heap after GC invocations=2 (full 1):
 PSYoungGen      total 76288K, used 0K [0x000000076ab00000, 0x0000000774000000, 0x00000007c0000000)
  eden space 65536K, 0% used [0x000000076ab00000,0x000000076ab00000,0x000000076eb00000)
  from space 10752K, 0% used [0x000000076eb00000,0x000000076eb00000,0x000000076f580000)
  to   space 10752K, 0% used [0x0000000773580000,0x0000000773580000,0x0000000774000000)
 ParOldGen       total 291328K, used 158824K [0x00000006c0000000, 0x00000006d1c80000, 0x000000076ab00000)
  object space 291328K, 54% used [0x00000006c0000000,0x00000006c9b1a268,0x00000006d1c80000)
 Metaspace       used 13640K, capacity 14402K, committed 14592K, reserved 1060864K
  class space    used 1998K, capacity 2204K, committed 2304K, reserved 1048576K
}

