# JRE version: Java(TM) SE Runtime Environment (8.0_202-b08) (build 1.8.0_202-b08)
# Java VM: Java HotSpot(TM) 64-Bit Server VM (25.202-b08 mixed mode bsd-amd64 compressed oops)
Heap:
 PSYoungGen      total 69120K, used 23643K [0x000000076ab00000, 0x0000000773900000, 0x00000007c0000000)
  eden space 65536K, 30% used [0x000000076ab00000,0x000000076bec7f70,0x000000076eb00000)
  from space 3584K, 94% used [0x0000000773580000,0x00000007738cf020,0x0000000773900000)
  to   space 10752K, 0% used [0x0000000772400000,0x0000000772400000,0x0000000772e80000)
 ParOldGen       total 290816K, used 191907K [0x00000006c0000000, 0x00000006d1c00000, 0x000000076ab00000)
  object space 290816K, 65% used [0x00000006c0000000,0x00000006cbb68fd0,0x00000006d1c00000)
 Metaspace       used 16556K, capacity 17416K, committed 17664K, reserved 1064960K
  class space    used 2255K, capacity 2471K, committed 2560K, reserved 1048576K
GC Heap History (6 events):
Event: 2.447 GC heap before
{Heap before GC invocations=1 (full 0):
 PSYoungGen      total 76288K, used 65536K [0x000000076ab00000, 0x0000000770000000, 0x00000007c0000000)
  eden space 65536K, 100% used [0x000000076ab00000,0x000000076eb00000,0x000000076eb00000)
  from space 10752K, 0% used [0x000000076f580000,0x000000076f580000,0x0000000770000000)
  to   space 10752K, 0% used [0x000000076eb00000,0x000000076eb00000,0x000000076f580000)
 ParOldGen       total 175104K, used 154350K [0x00000006c0000000, 0x00000006cab00000, 0x000000076ab00000)
  object space 175104K, 88% used [0x00000006c0000000,0x00000006c96bb840,0x00000006cab00000)
 Metaspace       used 13642K, capacity 14438K, committed 14592K, reserved 1060864K
  class space    used 1998K, capacity 2204K, committed 2304K, reserved 1048576K
Event: 2.475 GC heap after
Heap after GC invocations=1 (full 0):
 PSYoungGen      total 76288K, used 4610K [0x000000076ab00000, 0x0000000774000000, 0x00000007c0000000)
  eden space 65536K, 0% used [0x000000076ab00000,0x000000076ab00000,0x000000076eb00000)
  from space 10752K, 42% used [0x000000076eb00000,0x000000076ef80b50,0x000000076f580000)
  to   space 10752K, 0% used [0x0000000773580000,0x0000000773580000,0x0000000774000000)
 ParOldGen       total 208384K, used 187441K [0x00000006c0000000, 0x00000006ccb80000, 0x000000076ab00000)
  object space 208384K, 89% used [0x00000006c0000000,0x00000006cb70c450,0x00000006ccb80000)
 Metaspace       used 13642K, capacity 14438K, committed 14592K, reserved 1060864K
  class space    used 1998K, capacity 2204K, committed 2304K, reserved 1048576K
}
Event: 2.475 GC heap before
{Heap before GC invocations=2 (full 1):
 PSYoungGen      total 76288K, used 4610K [0x000000076ab00000, 0x0000000774000000, 0x00000007c0000000)
  eden space 65536K, 0% used [0x000000076ab00000,0x000000076ab00000,0x000000076eb00000)
  from space 10752K, 42% used [0x000000076eb00000,0x000000076ef80b50,0x000000076f580000)
  to   space 10752K, 0% used [0x0000000773580000,0x0000000773580000,0x0000000774000000)
 ParOldGen       total 208384K, used 187441K [0x00000006c0000000, 0x00000006ccb80000, 0x000000076ab00000)
  object space 208384K, 89% used [0x00000006c0000000,0x00000006cb70c450,0x00000006ccb80000)
 Metaspace       used 13642K, capacity 14438K, committed 14592K, reserved 1060864K
  class space    used 1998K, capacity 2204K, committed 2304K, reserved 1048576K
Event: 2.495 GC heap after
Heap after GC invocations=2 (full 1):
 PSYoungGen      total 76288K, used 0K [0x000000076ab00000, 0x0000000774000000, 0x00000007c0000000)
  eden space 65536K, 0% used [0x000000076ab00000,0x000000076ab00000,0x000000076eb00000)
  from space 10752K, 0% used [0x000000076eb00000,0x000000076eb00000,0x000000076f580000)
  to   space 10752K, 0% used [0x0000000773580000,0x0000000773580000,0x0000000774000000)
 ParOldGen       total 290816K, used 158824K [0x00000006c0000000, 0x00000006d1c00000, 0x000000076ab00000)
  object space 290816K, 54% used [0x00000006c0000000,0x00000006c9b1a3c0,0x00000006d1c00000)
 Metaspace       used 13642K, capacity 14438K, committed 14592K, reserved 1060864K
  class space    used 1998K, capacity 2204K, committed 2304K, reserved 1048576K
}
Event: 48.517 GC heap before
{Heap before GC invocations=3 (full 1):
 PSYoungGen      total 76288K, used 65536K [0x000000076ab00000, 0x0000000774000000, 0x00000007c0000000)
  eden space 65536K, 100% used [0x000000076ab00000,0x000000076eb00000,0x000000076eb00000)
  from space 10752K, 0% used [0x000000076eb00000,0x000000076eb00000,0x000000076f580000)
  to   space 10752K, 0% used [0x0000000773580000,0x0000000773580000,0x0000000774000000)
 ParOldGen       total 290816K, used 158824K [0x00000006c0000000, 0x00000006d1c00000, 0x000000076ab00000)
  object space 290816K, 54% used [0x00000006c0000000,0x00000006c9b1a3c0,0x00000006d1c00000)
 Metaspace       used 16366K, capacity 17212K, committed 17408K, reserved 1064960K
  class space    used 2255K, capacity 2471K, committed 2560K, reserved 1048576K
Event: 48.532 GC heap after
Heap after GC invocations=3 (full 1):
 PSYoungGen      total 69120K, used 3388K [0x000000076ab00000, 0x0000000773900000, 0x00000007c0000000)
  eden space 65536K, 0% used [0x000000076ab00000,0x000000076ab00000,0x000000076eb00000)
  from space 3584K, 94% used [0x0000000773580000,0x00000007738cf020,0x0000000773900000)
  to   space 10752K, 0% used [0x0000000772400000,0x0000000772400000,0x0000000772e80000)
 ParOldGen       total 290816K, used 191907K [0x00000006c0000000, 0x00000006d1c00000, 0x000000076ab00000)
  object space 290816K, 65% used [0x00000006c0000000,0x00000006cbb68fd0,0x00000006d1c00000)
 Metaspace       used 16366K, capacity 17212K, committed 17408K, reserved 1064960K
  class space    used 2255K, capacity 2471K, committed 2560K, reserved 1048576K
}

